Thu Jun 20 2024 17:32:48 GMT+0300 (Москва, стандартное время) + /api/books + GET
Thu Jun 20 2024 17:33:01 GMT+0300 (Москва, стандартное время) + /api/books + GET
Thu Jun 20 2024 17:41:25 GMT+0300 (Москва, стандартное время) + /api/books + GET
Thu Jun 20 2024 17:43:19 GMT+0300 (Москва, стандартное время) + /api/books + GET
Thu Jun 20 2024 18:44:49 GMT+0300 (Москва, стандартное время) + /api/upload/img + GET
Thu Jun 20 2024 18:45:33 GMT+0300 (Москва, стандартное время) + /api/upload/img + POST
Thu Jun 20 2024 18:46:30 GMT+0300 (Москва, стандартное время) + /api/upload/img + POST
Thu Jun 20 2024 18:48:23 GMT+0300 (Москва, стандартное время) + /api/upload/img + POST
Thu Jun 20 2024 18:49:55 GMT+0300 (Москва, стандартное время) + /api/upload/img + POST
Thu Jun 20 2024 18:54:20 GMT+0300 (Москва, стандартное время) + /api/download/img + POST
Thu Jun 20 2024 18:54:26 GMT+0300 (Москва, стандартное время) + /api/books + GET
Thu Jun 20 2024 18:55:22 GMT+0300 (Москва, стандартное время) + /api/books + GET
Thu Jun 20 2024 19:03:45 GMT+0300 (Москва, стандартное время) + /api/books + GET
Thu Jun 20 2024 19:03:52 GMT+0300 (Москва, стандартное время) + /api/download/img + POST
Thu Jun 20 2024 19:05:31 GMT+0300 (Москва, стандартное время) + /api/books + GET
Thu Jun 20 2024 19:07:01 GMT+0300 (Москва, стандартное время) + /api/books + GET
Thu Jun 20 2024 19:10:49 GMT+0300 (Москва, стандартное время) + /api/books + GET
Thu Jun 20 2024 19:18:33 GMT+0300 (Москва, стандартное время) + /api/books + GET
Thu Jun 20 2024 19:21:01 GMT+0300 (Москва, стандартное время) + /api/books + GET
Thu Jun 20 2024 19:21:47 GMT+0300 (Москва, стандартное время) + /api/books + GET
Thu Jun 20 2024 19:25:56 GMT+0300 (Москва, стандартное время) + /api/books + GET
Thu Jun 20 2024 19:31:46 GMT+0300 (Москва, стандартное время) + /api/books + OPTIONS
Thu Jun 20 2024 19:31:46 GMT+0300 (Москва, стандартное время) + /api/books + GET
Thu Jun 20 2024 19:33:05 GMT+0300 (Москва, стандартное время) + /api/books + GET
Thu Jun 20 2024 19:33:35 GMT+0300 (Москва, стандартное время) + /api/books + GET
Thu Jun 20 2024 19:36:31 GMT+0300 (Москва, стандартное время) + /api/books + GET
Thu Jun 20 2024 19:37:38 GMT+0300 (Москва, стандартное время) + /api/books + GET
Thu Jun 20 2024 19:39:40 GMT+0300 (Москва, стандартное время) + /api/books + GET
Thu Jun 20 2024 19:40:57 GMT+0300 (Москва, стандартное время) + /api/books + GET
Thu Jun 20 2024 19:41:42 GMT+0300 (Москва, стандартное время) + /api/books + GET
Thu Jun 20 2024 19:46:14 GMT+0300 (Москва, стандартное время) + /api/books + GET
Thu Jun 20 2024 19:46:41 GMT+0300 (Москва, стандартное время) + /api/books + GET
Thu Jun 20 2024 19:47:31 GMT+0300 (Москва, стандартное время) + /api/books + GET
Thu Jun 20 2024 19:47:41 GMT+0300 (Москва, стандартное время) + /api/books + GET
Thu Jun 20 2024 19:48:35 GMT+0300 (Москва, стандартное время) + /api/books + GET
Thu Jun 20 2024 19:53:08 GMT+0300 (Москва, стандартное время) + /api/books + GET
Thu Jun 20 2024 19:53:32 GMT+0300 (Москва, стандартное время) + /api/books + GET
Thu Jun 20 2024 19:54:08 GMT+0300 (Москва, стандартное время) + /api/books + GET
Thu Jun 20 2024 19:54:08 GMT+0300 (Москва, стандартное время) + /api/books + GET
Thu Jun 20 2024 19:54:13 GMT+0300 (Москва, стандартное время) + /api/books + GET
Thu Jun 20 2024 19:54:14 GMT+0300 (Москва, стандартное время) + /api/books + GET
Thu Jun 20 2024 19:54:15 GMT+0300 (Москва, стандартное время) + /api/books + GET
Thu Jun 20 2024 19:54:15 GMT+0300 (Москва, стандартное время) + /api/books + GET
Thu Jun 20 2024 19:54:15 GMT+0300 (Москва, стандартное время) + /api/books + GET
Thu Jun 20 2024 19:54:15 GMT+0300 (Москва, стандартное время) + /api/books + GET
Thu Jun 20 2024 19:54:16 GMT+0300 (Москва, стандартное время) + /api/books + GET
Thu Jun 20 2024 19:54:16 GMT+0300 (Москва, стандартное время) + /api/books + GET
Thu Jun 20 2024 19:54:16 GMT+0300 (Москва, стандартное время) + /api/books + GET
Thu Jun 20 2024 19:54:16 GMT+0300 (Москва, стандартное время) + /api/books + GET
Thu Jun 20 2024 19:54:16 GMT+0300 (Москва, стандартное время) + /api/books + GET
Thu Jun 20 2024 19:54:17 GMT+0300 (Москва, стандартное время) + /api/books + GET
Thu Jun 20 2024 19:54:19 GMT+0300 (Москва, стандартное время) + /api/books + GET
Thu Jun 20 2024 19:54:35 GMT+0300 (Москва, стандартное время) + /api/books + GET
Thu Jun 20 2024 19:55:10 GMT+0300 (Москва, стандартное время) + /api/books + GET
Thu Jun 20 2024 19:57:12 GMT+0300 (Москва, стандартное время) + /api/books + GET
Thu Jun 20 2024 20:32:13 GMT+0300 (Москва, стандартное время) + /api/books + GET
Thu Jun 20 2024 20:32:33 GMT+0300 (Москва, стандартное время) + /api/books + GET
Thu Jun 20 2024 20:43:04 GMT+0300 (Москва, стандартное время) + /api/books + GET
Thu Jun 20 2024 20:43:10 GMT+0300 (Москва, стандартное время) + /api/books + GET
Thu Jun 20 2024 21:17:26 GMT+0300 (Москва, стандартное время) + /api/books + GET
Thu Jun 20 2024 21:35:41 GMT+0300 (Москва, стандартное время) + /api/books + GET
Thu Jun 20 2024 21:42:09 GMT+0300 (Москва, стандартное время) + /api/books + GET
Thu Jun 20 2024 21:45:43 GMT+0300 (Москва, стандартное время) + /api/books + GET
Thu Jun 20 2024 21:47:47 GMT+0300 (Москва, стандартное время) + /api/books + GET
Thu Jun 20 2024 21:47:51 GMT+0300 (Москва, стандартное время) + /api/books + GET
Thu Jun 20 2024 21:47:58 GMT+0300 (Москва, стандартное время) + /api/books + GET
Thu Jun 20 2024 21:48:07 GMT+0300 (Москва, стандартное время) + /api/books + GET
Thu Jun 20 2024 21:56:46 GMT+0300 (Москва, стандартное время) + /api/books + GET
